{
  "stats": {
    "suites": 1,
    "tests": 2,
    "passes": 2,
    "pending": 0,
    "failures": 0,
    "start": "2023-10-27T08:56:37.837Z",
    "end": "2023-10-27T08:56:38.679Z",
    "duration": 842,
    "testsRegistered": 2,
    "passPercent": 100,
    "pendingPercent": 0,
    "other": 0,
    "hasOther": false,
    "skipped": 0,
    "hasSkipped": false
  },
  "results": [
    {
      "uuid": "675aba22-c089-4aa2-ac73-5983f91c91c2",
      "title": "",
      "fullFile": "/home/runner/work/user-micro-service/user-micro-service/src/test/regression_tests.js",
      "file": "/src/test/regression_tests.js",
      "beforeHooks": [],
      "afterHooks": [],
      "tests": [],
      "suites": [
        {
          "uuid": "dc2579ee-bf90-43a8-8215-4d85050a0175",
          "title": "User service regression tests",
          "fullFile": "/home/runner/work/user-micro-service/user-micro-service/src/test/regression_tests.js",
          "file": "/src/test/regression_tests.js",
          "beforeHooks": [],
          "afterHooks": [],
          "tests": [
            {
              "title": "Regression Test 1",
              "fullTitle": "User service regression tests Regression Test 1",
              "timedOut": false,
              "duration": 428,
              "state": "passed",
              "speed": "slow",
              "pass": true,
              "fail": false,
              "pending": false,
              "context": null,
              "code": "const response = await fetch('https://user-task-3kj1.onrender.com/users');\n        expect(response.status).to.equal(200);\n        const data = await response.json();\n        console.log(data);",
              "err": {},
              "uuid": "e1121f12-1099-4f66-94ac-9c50daf4aed5",
              "parentUUID": "dc2579ee-bf90-43a8-8215-4d85050a0175",
              "isHook": false,
              "skipped": false
            },
            {
              "title": "Regression Test 2",
              "fullTitle": "User service regression tests Regression Test 2",
              "timedOut": false,
              "duration": 408,
              "state": "passed",
              "speed": "slow",
              "pass": true,
              "fail": false,
              "pending": false,
              "context": null,
              "code": "const response = await fetch('https://user-task-3kj1.onrender.com/users');\n        expect(response.status).to.equal(200);\n        const data = await response.json();\n        console.log(data);",
              "err": {},
              "uuid": "7aa0721a-dfb9-4a5b-9e96-8e5a444469ea",
              "parentUUID": "dc2579ee-bf90-43a8-8215-4d85050a0175",
              "isHook": false,
              "skipped": false
            }
          ],
          "suites": [],
          "passes": [
            "e1121f12-1099-4f66-94ac-9c50daf4aed5",
            "7aa0721a-dfb9-4a5b-9e96-8e5a444469ea"
          ],
          "failures": [],
          "pending": [],
          "skipped": [],
          "duration": 836,
          "root": false,
          "rootEmpty": false,
          "_timeout": 2000
        }
      ],
      "passes": [],
      "failures": [],
      "pending": [],
      "skipped": [],
      "duration": 0,
      "root": true,
      "rootEmpty": true,
      "_timeout": 2000
    }
  ],
  "meta": {
    "mocha": {
      "version": "10.2.0"
    },
    "mochawesome": {
      "options": {
        "quiet": false,
        "reportFilename": "mochawesome",
        "saveHtml": true,
        "saveJson": true,
        "consoleReporter": "spec",
        "useInlineDiffs": false,
        "code": true
      },
      "version": "7.1.3"
    },
    "marge": {
      "options": null,
      "version": "6.2.0"
    }
  }
}